Started GET "/" for ::1 at 2020-10-25 14:25:32 +0530
  [1m[35m (16.1ms)[0m  [1m[34mSELECT sqlite_version(*)[0m
Processing by Rails::WelcomeController#index as HTML
  Rendering C:/Ruby27-x64/lib/ruby/gems/2.7.0/gems/railties-6.0.3.4/lib/rails/templates/rails/welcome/index.html.erb
  Rendered C:/Ruby27-x64/lib/ruby/gems/2.7.0/gems/railties-6.0.3.4/lib/rails/templates/rails/welcome/index.html.erb (Duration: 108.6ms | Allocations: 365)
Completed 200 OK in 288ms (Views: 195.2ms | ActiveRecord: 0.0ms | Allocations: 2044)


Started GET "/" for ::1 at 2020-10-25 14:30:56 +0530
  [1m[35m (6.5ms)[0m  [1m[34mSELECT sqlite_version(*)[0m
  
ActiveRecord::PendingMigrationError (

Migrations are pending. To resolve this issue, run:

        rails db:migrate RAILS_ENV=development

):
  
activerecord (6.0.3.4) lib/active_record/migration.rb:586:in `check_pending!'
activerecord (6.0.3.4) lib/active_record/migration.rb:564:in `call'
actionpack (6.0.3.4) lib/action_dispatch/middleware/callbacks.rb:27:in `block in call'
activesupport (6.0.3.4) lib/active_support/callbacks.rb:101:in `run_callbacks'
actionpack (6.0.3.4) lib/action_dispatch/middleware/callbacks.rb:26:in `call'
actionpack (6.0.3.4) lib/action_dispatch/middleware/executor.rb:14:in `call'
actionpack (6.0.3.4) lib/action_dispatch/middleware/actionable_exceptions.rb:18:in `call'
actionpack (6.0.3.4) lib/action_dispatch/middleware/debug_exceptions.rb:32:in `call'
web-console (4.0.4) lib/web_console/middleware.rb:132:in `call_app'
web-console (4.0.4) lib/web_console/middleware.rb:28:in `block in call'
web-console (4.0.4) lib/web_console/middleware.rb:17:in `catch'
web-console (4.0.4) lib/web_console/middleware.rb:17:in `call'
actionpack (6.0.3.4) lib/action_dispatch/middleware/show_exceptions.rb:33:in `call'
railties (6.0.3.4) lib/rails/rack/logger.rb:37:in `call_app'
railties (6.0.3.4) lib/rails/rack/logger.rb:26:in `block in call'
activesupport (6.0.3.4) lib/active_support/tagged_logging.rb:80:in `block in tagged'
activesupport (6.0.3.4) lib/active_support/tagged_logging.rb:28:in `tagged'
activesupport (6.0.3.4) lib/active_support/tagged_logging.rb:80:in `tagged'
railties (6.0.3.4) lib/rails/rack/logger.rb:26:in `call'
sprockets-rails (3.2.2) lib/sprockets/rails/quiet_assets.rb:13:in `call'
actionpack (6.0.3.4) lib/action_dispatch/middleware/remote_ip.rb:81:in `call'
actionpack (6.0.3.4) lib/action_dispatch/middleware/request_id.rb:27:in `call'
rack (2.2.3) lib/rack/method_override.rb:24:in `call'
rack (2.2.3) lib/rack/runtime.rb:22:in `call'
activesupport (6.0.3.4) lib/active_support/cache/strategy/local_cache_middleware.rb:29:in `call'
actionpack (6.0.3.4) lib/action_dispatch/middleware/executor.rb:14:in `call'
actionpack (6.0.3.4) lib/action_dispatch/middleware/static.rb:126:in `call'
rack (2.2.3) lib/rack/sendfile.rb:110:in `call'
actionpack (6.0.3.4) lib/action_dispatch/middleware/host_authorization.rb:82:in `call'
webpacker (4.3.0) lib/webpacker/dev_server_proxy.rb:23:in `perform_request'
rack-proxy (0.6.5) lib/rack/proxy.rb:57:in `call'
railties (6.0.3.4) lib/rails/engine.rb:527:in `call'
puma (4.3.6) lib/puma/configuration.rb:228:in `call'
puma (4.3.6) lib/puma/server.rb:713:in `handle_request'
puma (4.3.6) lib/puma/server.rb:472:in `process_client'
puma (4.3.6) lib/puma/server.rb:328:in `block in run'
puma (4.3.6) lib/puma/thread_pool.rb:134:in `block in spawn_thread'
  [1m[35m (4.0ms)[0m  [1m[34mSELECT sqlite_version(*)[0m
  [1m[35m (423.4ms)[0m  [1m[35mCREATE TABLE "schema_migrations" ("version" varchar NOT NULL PRIMARY KEY)[0m
  [1m[35m (120.2ms)[0m  [1m[35mCREATE TABLE "ar_internal_metadata" ("key" varchar NOT NULL PRIMARY KEY, "value" varchar, "created_at" datetime(6) NOT NULL, "updated_at" datetime(6) NOT NULL)[0m
  [1m[35m (0.6ms)[0m  [1m[34mSELECT "schema_migrations"."version" FROM "schema_migrations" ORDER BY "schema_migrations"."version" ASC[0m
Migrating to CreateEntries (20201025085717)
  [1m[35m (0.2ms)[0m  [1m[36mbegin transaction[0m
  [1m[35m (3.1ms)[0m  [1m[35mCREATE TABLE "entries" ("id" integer PRIMARY KEY AUTOINCREMENT NOT NULL, "name" varchar, "age" integer, "gender" varchar, "des" varchar, "created_at" datetime(6) NOT NULL, "updated_at" datetime(6) NOT NULL)[0m
  [1m[36mprimary::SchemaMigration Create (0.7ms)[0m  [1m[32mINSERT INTO "schema_migrations" ("version") VALUES (?)[0m  [["version", "20201025085717"]]
  [1m[35m (115.8ms)[0m  [1m[36mcommit transaction[0m
  [1m[36mActiveRecord::InternalMetadata Load (0.6ms)[0m  [1m[34mSELECT "ar_internal_metadata".* FROM "ar_internal_metadata" WHERE "ar_internal_metadata"."key" = ? LIMIT ?[0m  [["key", "environment"], ["LIMIT", 1]]
  [1m[35m (0.2ms)[0m  [1m[36mbegin transaction[0m
  [1m[36mActiveRecord::InternalMetadata Create (2.4ms)[0m  [1m[32mINSERT INTO "ar_internal_metadata" ("key", "value", "created_at", "updated_at") VALUES (?, ?, ?, ?)[0m  [["key", "environment"], ["value", "development"], ["created_at", "2020-10-25 09:01:41.472169"], ["updated_at", "2020-10-25 09:01:41.472169"]]
  [1m[35m (95.4ms)[0m  [1m[36mcommit transaction[0m
  [1m[35m (0.2ms)[0m  [1m[34mSELECT sqlite_version(*)[0m
  [1m[35m (0.5ms)[0m  [1m[34mSELECT "schema_migrations"."version" FROM "schema_migrations" ORDER BY "schema_migrations"."version" ASC[0m
Started GET "/" for ::1 at 2020-10-25 14:32:03 +0530
  [1m[35m (4.7ms)[0m  [1m[34mSELECT sqlite_version(*)[0m
Started GET "/" for ::1 at 2020-10-25 14:32:03 +0530
  [1m[35m (0.4ms)[0m  [1m[34mSELECT "schema_migrations"."version" FROM "schema_migrations" ORDER BY "schema_migrations"."version" ASC[0m
Processing by Rails::WelcomeController#index as HTML
  [1m[35m (0.1ms)[0m  [1m[34mSELECT sqlite_version(*)[0m
Processing by Rails::WelcomeController#index as HTML
  Rendering C:/Ruby27-x64/lib/ruby/gems/2.7.0/gems/railties-6.0.3.4/lib/rails/templates/rails/welcome/index.html.erb
  Rendering C:/Ruby27-x64/lib/ruby/gems/2.7.0/gems/railties-6.0.3.4/lib/rails/templates/rails/welcome/index.html.erb
  Rendered C:/Ruby27-x64/lib/ruby/gems/2.7.0/gems/railties-6.0.3.4/lib/rails/templates/rails/welcome/index.html.erb (Duration: 11.2ms | Allocations: 372)
  Rendered C:/Ruby27-x64/lib/ruby/gems/2.7.0/gems/railties-6.0.3.4/lib/rails/templates/rails/welcome/index.html.erb (Duration: 13.5ms | Allocations: 295)
Completed 200 OK in 101ms (Views: 100.2ms | ActiveRecord: 0.0ms | Allocations: 1165)


Completed 200 OK in 106ms (Views: 80.0ms | ActiveRecord: 0.0ms | Allocations: 3669)


Started GET "/" for ::1 at 2020-10-25 14:33:09 +0530
  [1m[35m (0.1ms)[0m  [1m[34mSELECT sqlite_version(*)[0m
Processing by EntriesController#index as HTML
  Rendering entries/index.html.erb within layouts/application
  [1m[36mEntry Load (0.3ms)[0m  [1m[34mSELECT "entries".* FROM "entries"[0m
  ↳ app/views/entries/index.html.erb:17
  Rendered entries/index.html.erb within layouts/application (Duration: 28.9ms | Allocations: 1475)
[Webpacker] Compiling...
[Webpacker] Compiled all packs in D:/EmpolyerApp/employapp/public/packs
[Webpacker] Hash: 15d1bb7b54cf6326b9ba
Version: webpack 4.44.2
Time: 2493ms
Built at: 10/25/2020 2:33:17 PM
                                     Asset       Size       Chunks                         Chunk Names
    js/application-9afcbb5693aa87623e69.js    124 KiB  application  [emitted] [immutable]  application
js/application-9afcbb5693aa87623e69.js.map    139 KiB  application  [emitted] [dev]        application
                             manifest.json  364 bytes               [emitted]              
Entrypoint application = js/application-9afcbb5693aa87623e69.js js/application-9afcbb5693aa87623e69.js.map
[./app/javascript/channels sync recursive _channel\.js$] ./app/javascript/channels sync _channel\.js$ 160 bytes {application} [built]
[./app/javascript/channels/index.js] 211 bytes {application} [built]
[./app/javascript/packs/application.js] 749 bytes {application} [built]
[./node_modules/webpack/buildin/module.js] (webpack)/buildin/module.js 552 bytes {application} [built]
    + 3 hidden modules

[Webpacker] Hash: 15d1bb7b54cf6326b9ba
Version: webpack 4.44.2
Time: 2493ms
Built at: 10/25/2020 2:33:17 PM
                                     Asset       Size       Chunks                         Chunk Names
    js/application-9afcbb5693aa87623e69.js    124 KiB  application  [emitted] [immutable]  application
js/application-9afcbb5693aa87623e69.js.map    139 KiB  application  [emitted] [dev]        application
                             manifest.json  364 bytes               [emitted]              
Entrypoint application = js/application-9afcbb5693aa87623e69.js js/application-9afcbb5693aa87623e69.js.map
[./app/javascript/channels sync recursive _channel\.js$] ./app/javascript/channels sync _channel\.js$ 160 bytes {application} [built]
[./app/javascript/channels/index.js] 211 bytes {application} [built]
[./app/javascript/packs/application.js] 749 bytes {application} [built]
[./node_modules/webpack/buildin/module.js] (webpack)/buildin/module.js 552 bytes {application} [built]
    + 3 hidden modules

Completed 200 OK in 8661ms (Views: 8655.1ms | ActiveRecord: 1.1ms | Allocations: 24916)


Started GET "/" for ::1 at 2020-10-25 14:34:30 +0530
Processing by EntriesController#index as HTML
  Rendering entries/index.html.erb within layouts/application
  [1m[36mEntry Load (0.2ms)[0m  [1m[34mSELECT "entries".* FROM "entries"[0m
  ↳ app/views/entries/index.html.erb:17
  Rendered entries/index.html.erb within layouts/application (Duration: 6.1ms | Allocations: 916)
[Webpacker] Everything's up-to-date. Nothing to do
Completed 200 OK in 127ms (Views: 123.3ms | ActiveRecord: 0.2ms | Allocations: 6022)


Started GET "/" for ::1 at 2020-10-25 14:39:07 +0530
Processing by EntriesController#index as HTML
  Rendering entries/index.html.erb within layouts/application
  [1m[36mEntry Load (0.2ms)[0m  [1m[34mSELECT "entries".* FROM "entries"[0m
  ↳ app/views/entries/index.html.erb:12
  Rendered entries/index.html.erb within layouts/application (Duration: 27.9ms | Allocations: 1006)
[Webpacker] Everything's up-to-date. Nothing to do
Completed 200 OK in 135ms (Views: 132.4ms | ActiveRecord: 0.2ms | Allocations: 6238)


Started GET "/" for ::1 at 2020-10-25 14:40:25 +0530
Processing by EntriesController#index as HTML
  Rendering entries/index.html.erb within layouts/application
  [1m[36mEntry Load (0.2ms)[0m  [1m[34mSELECT "entries".* FROM "entries"[0m
  ↳ app/views/entries/index.html.erb:12
  Rendered entries/index.html.erb within layouts/application (Duration: 4.8ms | Allocations: 984)
[Webpacker] Everything's up-to-date. Nothing to do
Completed 200 OK in 78ms (Views: 76.0ms | ActiveRecord: 0.2ms | Allocations: 6187)


Started GET "/" for ::1 at 2020-10-25 14:40:28 +0530
Processing by EntriesController#index as HTML
  Rendering entries/index.html.erb within layouts/application
  [1m[36mEntry Load (0.2ms)[0m  [1m[34mSELECT "entries".* FROM "entries"[0m
  ↳ app/views/entries/index.html.erb:12
  Rendered entries/index.html.erb within layouts/application (Duration: 3.0ms | Allocations: 634)
[Webpacker] Everything's up-to-date. Nothing to do
Completed 200 OK in 54ms (Views: 53.2ms | ActiveRecord: 0.2ms | Allocations: 4944)


Started GET "/" for ::1 at 2020-10-25 14:40:31 +0530
Processing by EntriesController#index as HTML
  Rendering entries/index.html.erb within layouts/application
  [1m[36mEntry Load (0.2ms)[0m  [1m[34mSELECT "entries".* FROM "entries"[0m
  ↳ app/views/entries/index.html.erb:12
  Rendered entries/index.html.erb within layouts/application (Duration: 19.7ms | Allocations: 638)
[Webpacker] Everything's up-to-date. Nothing to do
Completed 200 OK in 85ms (Views: 84.0ms | ActiveRecord: 0.2ms | Allocations: 4963)


Started GET "/" for ::1 at 2020-10-25 14:41:03 +0530
Processing by EntriesController#index as HTML
  Rendering entries/index.html.erb within layouts/application
  [1m[36mEntry Load (0.2ms)[0m  [1m[34mSELECT "entries".* FROM "entries"[0m
  ↳ app/views/entries/index.html.erb:12
  Rendered entries/index.html.erb within layouts/application (Duration: 4.7ms | Allocations: 981)
[Webpacker] Everything's up-to-date. Nothing to do
Completed 200 OK in 86ms (Views: 83.3ms | ActiveRecord: 0.2ms | Allocations: 6192)


Started GET "/" for ::1 at 2020-10-25 14:42:46 +0530
Processing by EntriesController#index as HTML
  Rendering entries/index.html.erb within layouts/application
  [1m[36mEntry Load (0.2ms)[0m  [1m[34mSELECT "entries".* FROM "entries"[0m
  ↳ app/views/entries/index.html.erb:12
  Rendered entries/index.html.erb within layouts/application (Duration: 15.3ms | Allocations: 981)
[Webpacker] Everything's up-to-date. Nothing to do
  Rendered shared/_header.html.erb (Duration: 3.5ms | Allocations: 83)
Completed 200 OK in 132ms (Views: 129.1ms | ActiveRecord: 0.2ms | Allocations: 6609)


Started GET "/" for ::1 at 2020-10-25 14:43:21 +0530
Processing by EntriesController#index as HTML
  Rendering entries/index.html.erb within layouts/application
  [1m[36mEntry Load (0.2ms)[0m  [1m[34mSELECT "entries".* FROM "entries"[0m
  ↳ app/views/entries/index.html.erb:12
  Rendered entries/index.html.erb within layouts/application (Duration: 4.3ms | Allocations: 985)
[Webpacker] Everything's up-to-date. Nothing to do
  Rendered shared/_header.html.erb (Duration: 0.5ms | Allocations: 80)
Completed 200 OK in 73ms (Views: 70.9ms | ActiveRecord: 0.2ms | Allocations: 6607)


Started GET "/entries/new" for ::1 at 2020-10-25 14:43:23 +0530
Processing by EntriesController#new as HTML
  Rendering entries/new.html.erb within layouts/application
  Rendered entries/_form.html.erb (Duration: 156.6ms | Allocations: 4211)
  Rendered entries/new.html.erb within layouts/application (Duration: 159.9ms | Allocations: 4539)
[Webpacker] Everything's up-to-date. Nothing to do
  Rendered shared/_header.html.erb (Duration: 0.1ms | Allocations: 5)
Completed 200 OK in 231ms (Views: 218.5ms | ActiveRecord: 2.6ms | Allocations: 12685)


Started GET "/" for ::1 at 2020-10-25 14:43:45 +0530
Processing by EntriesController#index as HTML
  Rendering entries/index.html.erb within layouts/application
  [1m[36mEntry Load (0.3ms)[0m  [1m[34mSELECT "entries".* FROM "entries"[0m
  ↳ app/views/entries/index.html.erb:12
  Rendered entries/index.html.erb within layouts/application (Duration: 4.8ms | Allocations: 981)
[Webpacker] Everything's up-to-date. Nothing to do
  Rendered shared/_header.html.erb (Duration: 1.1ms | Allocations: 80)
Completed 200 OK in 148ms (Views: 145.0ms | ActiveRecord: 0.3ms | Allocations: 6593)


Started GET "/entries/new" for ::1 at 2020-10-25 14:43:47 +0530
Processing by EntriesController#new as HTML
  Rendering entries/new.html.erb within layouts/application
  Rendered entries/_form.html.erb (Duration: 4.1ms | Allocations: 1430)
  Rendered entries/new.html.erb within layouts/application (Duration: 28.8ms | Allocations: 1770)
[Webpacker] Everything's up-to-date. Nothing to do
  Rendered shared/_header.html.erb (Duration: 0.1ms | Allocations: 5)
Completed 200 OK in 120ms (Views: 116.8ms | ActiveRecord: 0.0ms | Allocations: 6301)


Started GET "/" for ::1 at 2020-10-25 14:43:54 +0530
Processing by EntriesController#index as HTML
  Rendering entries/index.html.erb within layouts/application
  [1m[36mEntry Load (0.4ms)[0m  [1m[34mSELECT "entries".* FROM "entries"[0m
  ↳ app/views/entries/index.html.erb:12
  Rendered entries/index.html.erb within layouts/application (Duration: 8.0ms | Allocations: 981)
[Webpacker] Everything's up-to-date. Nothing to do
  Rendered shared/_header.html.erb (Duration: 1.1ms | Allocations: 80)
Completed 200 OK in 171ms (Views: 166.5ms | ActiveRecord: 0.4ms | Allocations: 6597)


Started GET "/" for ::1 at 2020-10-25 14:44:17 +0530
Processing by EntriesController#index as HTML
  Rendering entries/index.html.erb within layouts/application
  [1m[36mEntry Load (0.2ms)[0m  [1m[34mSELECT "entries".* FROM "entries"[0m
  ↳ app/views/entries/index.html.erb:12
  Rendered entries/index.html.erb within layouts/application (Duration: 4.0ms | Allocations: 981)
[Webpacker] Everything's up-to-date. Nothing to do
  Rendered shared/_header.html.erb (Duration: 0.6ms | Allocations: 80)
Completed 200 OK in 76ms (Views: 73.5ms | ActiveRecord: 0.2ms | Allocations: 6593)


Started GET "/" for ::1 at 2020-10-25 14:45:07 +0530
Processing by EntriesController#index as HTML
  Rendering entries/index.html.erb within layouts/application
  [1m[36mEntry Load (0.2ms)[0m  [1m[34mSELECT "entries".* FROM "entries"[0m
  ↳ app/views/entries/index.html.erb:12
  Rendered entries/index.html.erb within layouts/application (Duration: 4.5ms | Allocations: 984)
[Webpacker] Everything's up-to-date. Nothing to do
  Rendered shared/_header.html.erb (Duration: 1.1ms | Allocations: 80)
Completed 200 OK in 115ms (Views: 113.0ms | ActiveRecord: 0.2ms | Allocations: 6604)


Started GET "/entries/new" for ::1 at 2020-10-25 14:45:08 +0530
Processing by EntriesController#new as HTML
  Rendering entries/new.html.erb within layouts/application
  Rendered entries/_form.html.erb (Duration: 54.8ms | Allocations: 1522)
  Rendered entries/new.html.erb within layouts/application (Duration: 70.0ms | Allocations: 1865)
[Webpacker] Everything's up-to-date. Nothing to do
  Rendered shared/_header.html.erb (Duration: 0.1ms | Allocations: 5)
Completed 200 OK in 165ms (Views: 161.7ms | ActiveRecord: 0.0ms | Allocations: 6383)


Started GET "/entries" for ::1 at 2020-10-25 14:45:11 +0530
Processing by EntriesController#index as HTML
  Rendering entries/index.html.erb within layouts/application
  [1m[36mEntry Load (0.2ms)[0m  [1m[34mSELECT "entries".* FROM "entries"[0m
  ↳ app/views/entries/index.html.erb:12
  Rendered entries/index.html.erb within layouts/application (Duration: 2.6ms | Allocations: 630)
[Webpacker] Everything's up-to-date. Nothing to do
  Rendered shared/_header.html.erb (Duration: 0.0ms | Allocations: 6)
Completed 200 OK in 58ms (Views: 57.0ms | ActiveRecord: 0.2ms | Allocations: 5027)


Started GET "/entries/new" for ::1 at 2020-10-25 14:45:12 +0530
Processing by EntriesController#new as HTML
  Rendering entries/new.html.erb within layouts/application
  Rendered entries/_form.html.erb (Duration: 2.6ms | Allocations: 1116)
  Rendered entries/new.html.erb within layouts/application (Duration: 3.6ms | Allocations: 1206)
[Webpacker] Everything's up-to-date. Nothing to do
  Rendered shared/_header.html.erb (Duration: 0.1ms | Allocations: 5)
Completed 200 OK in 69ms (Views: 67.8ms | ActiveRecord: 0.0ms | Allocations: 5597)


Started POST "/entries" for ::1 at 2020-10-25 14:45:22 +0530
Processing by EntriesController#create as HTML
  Parameters: {"authenticity_token"=>"pLrl4zVGxLQQkOnBpcvJTi2HV62Bofvsn3C9XxWG0u5/kIB70ll1MENypfK65aRnX8znzXzxqePj6T+x5h3oGQ==", "entry"=>{"name"=>"Ashwath", "age"=>"20", "gender"=>"Male", "des"=>"BTech"}, "commit"=>"Create Entry"}
  [1m[35m (0.1ms)[0m  [1m[36mbegin transaction[0m
  ↳ app/controllers/entries_controller.rb:30:in `block in create'
  [1m[36mEntry Create (2.0ms)[0m  [1m[32mINSERT INTO "entries" ("name", "age", "gender", "des", "created_at", "updated_at") VALUES (?, ?, ?, ?, ?, ?)[0m  [["name", "Ashwath"], ["age", 20], ["gender", "Male"], ["des", "BTech"], ["created_at", "2020-10-25 09:15:22.816208"], ["updated_at", "2020-10-25 09:15:22.816208"]]
  ↳ app/controllers/entries_controller.rb:30:in `block in create'
  [1m[35m (174.9ms)[0m  [1m[36mcommit transaction[0m
  ↳ app/controllers/entries_controller.rb:30:in `block in create'
Redirected to http://localhost:3000/entries/1
Completed 302 Found in 267ms (ActiveRecord: 177.1ms | Allocations: 3015)


Started GET "/entries/1" for ::1 at 2020-10-25 14:45:23 +0530
Processing by EntriesController#show as HTML
  Parameters: {"id"=>"1"}
  [1m[36mEntry Load (0.2ms)[0m  [1m[34mSELECT "entries".* FROM "entries" WHERE "entries"."id" = ? LIMIT ?[0m  [["id", 1], ["LIMIT", 1]]
  ↳ app/controllers/entries_controller.rb:67:in `set_entry'
  Rendering entries/show.html.erb within layouts/application
  Rendered entries/show.html.erb within layouts/application (Duration: 23.3ms | Allocations: 334)
[Webpacker] Everything's up-to-date. Nothing to do
  Rendered shared/_header.html.erb (Duration: 0.1ms | Allocations: 6)
Completed 200 OK in 134ms (Views: 116.7ms | ActiveRecord: 0.2ms | Allocations: 5953)


Started GET "/entries" for ::1 at 2020-10-25 14:45:26 +0530
Processing by EntriesController#index as HTML
  Rendering entries/index.html.erb within layouts/application
  [1m[36mEntry Load (0.2ms)[0m  [1m[34mSELECT "entries".* FROM "entries"[0m
  ↳ app/views/entries/index.html.erb:12
  Rendered entries/index.html.erb within layouts/application (Duration: 3.7ms | Allocations: 792)
[Webpacker] Everything's up-to-date. Nothing to do
  Rendered shared/_header.html.erb (Duration: 0.0ms | Allocations: 6)
Completed 200 OK in 56ms (Views: 54.9ms | ActiveRecord: 0.2ms | Allocations: 5179)


Started GET "/entries/1" for ::1 at 2020-10-25 14:45:38 +0530
Processing by EntriesController#show as HTML
  Parameters: {"id"=>"1"}
  [1m[36mEntry Load (0.3ms)[0m  [1m[34mSELECT "entries".* FROM "entries" WHERE "entries"."id" = ? LIMIT ?[0m  [["id", 1], ["LIMIT", 1]]
  ↳ app/controllers/entries_controller.rb:67:in `set_entry'
  Rendering entries/show.html.erb within layouts/application
  Rendered entries/show.html.erb within layouts/application (Duration: 0.4ms | Allocations: 102)
[Webpacker] Everything's up-to-date. Nothing to do
  Rendered shared/_header.html.erb (Duration: 0.0ms | Allocations: 6)
Completed 200 OK in 70ms (Views: 65.6ms | ActiveRecord: 0.3ms | Allocations: 5007)


Started GET "/entries" for ::1 at 2020-10-25 14:45:39 +0530
Processing by EntriesController#index as HTML
  Rendering entries/index.html.erb within layouts/application
  [1m[36mEntry Load (0.3ms)[0m  [1m[34mSELECT "entries".* FROM "entries"[0m
  ↳ app/views/entries/index.html.erb:12
  Rendered entries/index.html.erb within layouts/application (Duration: 21.8ms | Allocations: 787)
[Webpacker] Everything's up-to-date. Nothing to do
  Rendered shared/_header.html.erb (Duration: 0.1ms | Allocations: 6)
Completed 200 OK in 105ms (Views: 103.6ms | ActiveRecord: 0.3ms | Allocations: 5179)


Started GET "/entries/1/edit" for ::1 at 2020-10-25 14:45:40 +0530
Processing by EntriesController#edit as HTML
  Parameters: {"id"=>"1"}
  [1m[36mEntry Load (0.3ms)[0m  [1m[34mSELECT "entries".* FROM "entries" WHERE "entries"."id" = ? LIMIT ?[0m  [["id", 1], ["LIMIT", 1]]
  ↳ app/controllers/entries_controller.rb:67:in `set_entry'
  Rendering entries/edit.html.erb within layouts/application
  Rendered entries/_form.html.erb (Duration: 2.7ms | Allocations: 1206)
  Rendered entries/edit.html.erb within layouts/application (Duration: 25.1ms | Allocations: 1446)
[Webpacker] Everything's up-to-date. Nothing to do
  Rendered shared/_header.html.erb (Duration: 0.1ms | Allocations: 5)
Completed 200 OK in 173ms (Views: 150.7ms | ActiveRecord: 0.3ms | Allocations: 6505)


Started GET "/entries/1/edit" for ::1 at 2020-10-25 14:46:53 +0530
Processing by EntriesController#edit as HTML
  Parameters: {"id"=>"1"}
  [1m[36mEntry Load (0.2ms)[0m  [1m[34mSELECT "entries".* FROM "entries" WHERE "entries"."id" = ? LIMIT ?[0m  [["id", 1], ["LIMIT", 1]]
  ↳ app/controllers/entries_controller.rb:67:in `set_entry'
  Rendering entries/edit.html.erb within layouts/application
  Rendered entries/_form.html.erb (Duration: 38.9ms | Allocations: 1606)
  Rendered entries/edit.html.erb within layouts/application (Duration: 41.9ms | Allocations: 1979)
[Webpacker] Everything's up-to-date. Nothing to do
  Rendered shared/_header.html.erb (Duration: 0.5ms | Allocations: 79)
Completed 200 OK in 119ms (Views: 97.8ms | ActiveRecord: 0.2ms | Allocations: 8131)


Started GET "/entries/1/edit" for ::1 at 2020-10-25 14:47:17 +0530
Processing by EntriesController#edit as HTML
  Parameters: {"id"=>"1"}
  [1m[36mEntry Load (0.2ms)[0m  [1m[34mSELECT "entries".* FROM "entries" WHERE "entries"."id" = ? LIMIT ?[0m  [["id", 1], ["LIMIT", 1]]
  ↳ app/controllers/entries_controller.rb:67:in `set_entry'
  Rendering entries/edit.html.erb within layouts/application
  Rendered entries/_form.html.erb (Duration: 3.7ms | Allocations: 1573)
  Rendered entries/edit.html.erb within layouts/application (Duration: 23.9ms | Allocations: 1974)
[Webpacker] Everything's up-to-date. Nothing to do
  Rendered shared/_header.html.erb (Duration: 0.6ms | Allocations: 79)
Completed 200 OK in 106ms (Views: 100.6ms | ActiveRecord: 0.2ms | Allocations: 8114)


Started GET "/entries" for ::1 at 2020-10-25 14:47:19 +0530
Processing by EntriesController#index as HTML
  Rendering entries/index.html.erb within layouts/application
  [1m[36mEntry Load (0.2ms)[0m  [1m[34mSELECT "entries".* FROM "entries"[0m
  ↳ app/views/entries/index.html.erb:12
  Rendered entries/index.html.erb within layouts/application (Duration: 5.1ms | Allocations: 1142)
[Webpacker] Everything's up-to-date. Nothing to do
  Rendered shared/_header.html.erb (Duration: 0.0ms | Allocations: 6)
Completed 200 OK in 63ms (Views: 60.7ms | ActiveRecord: 0.2ms | Allocations: 5667)


Started GET "/entries/1/edit" for ::1 at 2020-10-25 14:47:21 +0530
Processing by EntriesController#edit as HTML
  Parameters: {"id"=>"1"}
  [1m[36mEntry Load (0.2ms)[0m  [1m[34mSELECT "entries".* FROM "entries" WHERE "entries"."id" = ? LIMIT ?[0m  [["id", 1], ["LIMIT", 1]]
  ↳ app/controllers/entries_controller.rb:67:in `set_entry'
  Rendering entries/edit.html.erb within layouts/application
  Rendered entries/_form.html.erb (Duration: 6.6ms | Allocations: 1180)
  Rendered entries/edit.html.erb within layouts/application (Duration: 20.9ms | Allocations: 1309)
[Webpacker] Everything's up-to-date. Nothing to do
  Rendered shared/_header.html.erb (Duration: 0.1ms | Allocations: 5)
Completed 200 OK in 99ms (Views: 95.1ms | ActiveRecord: 0.2ms | Allocations: 6239)


Started PATCH "/entries/1" for ::1 at 2020-10-25 14:47:27 +0530
Processing by EntriesController#update as HTML
  Parameters: {"authenticity_token"=>"jmo0/6NxSWkWvADemOU6qnlDQWrDEPPSKCe7Km+A4iqoSDPPJ9Fy41NoWM0EnSOlQyrAlAglKD3V7Hz3lt98cg==", "entry"=>{"name"=>"Ashwath", "age"=>"21", "gender"=>"Male", "des"=>"BTech"}, "commit"=>"Update Entry", "id"=>"1"}
  [1m[36mEntry Load (0.2ms)[0m  [1m[34mSELECT "entries".* FROM "entries" WHERE "entries"."id" = ? LIMIT ?[0m  [["id", 1], ["LIMIT", 1]]
  ↳ app/controllers/entries_controller.rb:67:in `set_entry'
  [1m[35m (0.1ms)[0m  [1m[36mbegin transaction[0m
  ↳ app/controllers/entries_controller.rb:44:in `block in update'
  [1m[36mEntry Update (2.1ms)[0m  [1m[33mUPDATE "entries" SET "age" = ?, "updated_at" = ? WHERE "entries"."id" = ?[0m  [["age", 21], ["updated_at", "2020-10-25 09:17:27.783753"], ["id", 1]]
  ↳ app/controllers/entries_controller.rb:44:in `block in update'
  [1m[35m (148.3ms)[0m  [1m[36mcommit transaction[0m
  ↳ app/controllers/entries_controller.rb:44:in `block in update'
Redirected to http://localhost:3000/entries/1
Completed 302 Found in 197ms (ActiveRecord: 150.7ms | Allocations: 3439)


Started GET "/entries/1" for ::1 at 2020-10-25 14:47:28 +0530
Processing by EntriesController#show as HTML
  Parameters: {"id"=>"1"}
  [1m[36mEntry Load (0.3ms)[0m  [1m[34mSELECT "entries".* FROM "entries" WHERE "entries"."id" = ? LIMIT ?[0m  [["id", 1], ["LIMIT", 1]]
  ↳ app/controllers/entries_controller.rb:67:in `set_entry'
  Rendering entries/show.html.erb within layouts/application
  Rendered entries/show.html.erb within layouts/application (Duration: 1.5ms | Allocations: 335)
[Webpacker] Everything's up-to-date. Nothing to do
  Rendered shared/_header.html.erb (Duration: 0.0ms | Allocations: 6)
Completed 200 OK in 85ms (Views: 79.8ms | ActiveRecord: 0.3ms | Allocations: 5416)


Started GET "/entries" for ::1 at 2020-10-25 14:47:29 +0530
Processing by EntriesController#index as HTML
  Rendering entries/index.html.erb within layouts/application
  [1m[36mEntry Load (0.2ms)[0m  [1m[34mSELECT "entries".* FROM "entries"[0m
  ↳ app/views/entries/index.html.erb:12
  Rendered entries/index.html.erb within layouts/application (Duration: 3.3ms | Allocations: 790)
[Webpacker] Everything's up-to-date. Nothing to do
  Rendered shared/_header.html.erb (Duration: 0.0ms | Allocations: 6)
Completed 200 OK in 52ms (Views: 51.3ms | ActiveRecord: 0.2ms | Allocations: 5179)


Started GET "/entries/new" for ::1 at 2020-10-25 14:47:32 +0530
Processing by EntriesController#new as HTML
  Rendering entries/new.html.erb within layouts/application
  Rendered entries/_form.html.erb (Duration: 3.3ms | Allocations: 1125)
  Rendered entries/new.html.erb within layouts/application (Duration: 16.5ms | Allocations: 1329)
[Webpacker] Everything's up-to-date. Nothing to do
  Rendered shared/_header.html.erb (Duration: 0.1ms | Allocations: 5)
Completed 200 OK in 100ms (Views: 96.8ms | ActiveRecord: 0.0ms | Allocations: 5854)


Started POST "/entries" for ::1 at 2020-10-25 14:47:43 +0530
Processing by EntriesController#create as HTML
  Parameters: {"authenticity_token"=>"rFHwLQB7kEtg9pNuO8gWiGzmR+hZTFq2yBOzHdAv2uV3e5W152QhzzMU310k5nuhHq33iKQcCLm0ijHzI7TgEg==", "entry"=>{"name"=>"San", "age"=>"30", "gender"=>"Female", "des"=>"MCA"}, "commit"=>"Create Entry"}
  [1m[35m (0.1ms)[0m  [1m[36mbegin transaction[0m
  ↳ app/controllers/entries_controller.rb:30:in `block in create'
  [1m[36mEntry Create (2.0ms)[0m  [1m[32mINSERT INTO "entries" ("name", "age", "gender", "des", "created_at", "updated_at") VALUES (?, ?, ?, ?, ?, ?)[0m  [["name", "San"], ["age", 30], ["gender", "Female"], ["des", "MCA"], ["created_at", "2020-10-25 09:17:43.418118"], ["updated_at", "2020-10-25 09:17:43.418118"]]
  ↳ app/controllers/entries_controller.rb:30:in `block in create'
  [1m[35m (186.7ms)[0m  [1m[36mcommit transaction[0m
  ↳ app/controllers/entries_controller.rb:30:in `block in create'
Redirected to http://localhost:3000/entries/2
Completed 302 Found in 241ms (ActiveRecord: 188.8ms | Allocations: 2758)


Started GET "/entries/2" for ::1 at 2020-10-25 14:47:43 +0530
Processing by EntriesController#show as HTML
  Parameters: {"id"=>"2"}
  [1m[36mEntry Load (0.2ms)[0m  [1m[34mSELECT "entries".* FROM "entries" WHERE "entries"."id" = ? LIMIT ?[0m  [["id", 2], ["LIMIT", 1]]
  ↳ app/controllers/entries_controller.rb:67:in `set_entry'
  Rendering entries/show.html.erb within layouts/application
  Rendered entries/show.html.erb within layouts/application (Duration: 0.3ms | Allocations: 105)
[Webpacker] Everything's up-to-date. Nothing to do
  Rendered shared/_header.html.erb (Duration: 0.0ms | Allocations: 6)
Completed 200 OK in 62ms (Views: 48.9ms | ActiveRecord: 0.2ms | Allocations: 5036)


Started GET "/entries" for ::1 at 2020-10-25 14:47:45 +0530
Processing by EntriesController#index as HTML
  Rendering entries/index.html.erb within layouts/application
  [1m[36mEntry Load (0.2ms)[0m  [1m[34mSELECT "entries".* FROM "entries"[0m
  ↳ app/views/entries/index.html.erb:12
  Rendered entries/index.html.erb within layouts/application (Duration: 3.8ms | Allocations: 948)
[Webpacker] Everything's up-to-date. Nothing to do
  Rendered shared/_header.html.erb (Duration: 0.0ms | Allocations: 6)
Completed 200 OK in 58ms (Views: 57.6ms | ActiveRecord: 0.2ms | Allocations: 5348)


Started DELETE "/entries/1" for ::1 at 2020-10-25 14:47:51 +0530
Processing by EntriesController#destroy as HTML
  Parameters: {"authenticity_token"=>"5VwcZeGLgAPX1vxh3eZsxRXYJ6siy62LLQMdvOyQ/Llr/wsvjuPNvnJCQTgiZwEa8PyDWECGCLHtoli6hiB8Mw==", "id"=>"1"}
  [1m[36mEntry Load (0.5ms)[0m  [1m[34mSELECT "entries".* FROM "entries" WHERE "entries"."id" = ? LIMIT ?[0m  [["id", 1], ["LIMIT", 1]]
  ↳ app/controllers/entries_controller.rb:67:in `set_entry'
  [1m[35m (0.1ms)[0m  [1m[36mbegin transaction[0m
  ↳ app/controllers/entries_controller.rb:57:in `destroy'
  [1m[36mEntry Destroy (2.7ms)[0m  [1m[31mDELETE FROM "entries" WHERE "entries"."id" = ?[0m  [["id", 1]]
  ↳ app/controllers/entries_controller.rb:57:in `destroy'
  [1m[35m (103.7ms)[0m  [1m[36mcommit transaction[0m
  ↳ app/controllers/entries_controller.rb:57:in `destroy'
Redirected to http://localhost:3000/entries
Completed 302 Found in 207ms (ActiveRecord: 107.0ms | Allocations: 2771)


Started GET "/entries" for ::1 at 2020-10-25 14:47:52 +0530
Processing by EntriesController#index as HTML
  Rendering entries/index.html.erb within layouts/application
  [1m[36mEntry Load (0.2ms)[0m  [1m[34mSELECT "entries".* FROM "entries"[0m
  ↳ app/views/entries/index.html.erb:12
  Rendered entries/index.html.erb within layouts/application (Duration: 15.3ms | Allocations: 787)
[Webpacker] Everything's up-to-date. Nothing to do
  Rendered shared/_header.html.erb (Duration: 0.0ms | Allocations: 6)
Completed 200 OK in 67ms (Views: 66.1ms | ActiveRecord: 0.2ms | Allocations: 5212)


Started GET "/entries" for ::1 at 2020-10-25 14:47:56 +0530
Processing by EntriesController#index as HTML
  Rendering entries/index.html.erb within layouts/application
  [1m[36mEntry Load (0.4ms)[0m  [1m[34mSELECT "entries".* FROM "entries"[0m
  ↳ app/views/entries/index.html.erb:12
  Rendered entries/index.html.erb within layouts/application (Duration: 27.2ms | Allocations: 787)
[Webpacker] Everything's up-to-date. Nothing to do
  Rendered shared/_header.html.erb (Duration: 0.1ms | Allocations: 6)
Completed 200 OK in 101ms (Views: 99.9ms | ActiveRecord: 0.4ms | Allocations: 5186)


Started GET "/entries/new" for ::1 at 2020-10-25 14:50:19 +0530
Processing by EntriesController#new as HTML
  Rendering entries/new.html.erb within layouts/application
  Rendered entries/_form.html.erb (Duration: 3.1ms | Allocations: 1117)
  Rendered entries/new.html.erb within layouts/application (Duration: 4.3ms | Allocations: 1207)
[Webpacker] Everything's up-to-date. Nothing to do
  Rendered shared/_header.html.erb (Duration: 0.0ms | Allocations: 5)
Completed 200 OK in 75ms (Views: 74.3ms | ActiveRecord: 0.0ms | Allocations: 5603)


Started GET "/" for ::1 at 2020-10-25 22:55:19 +0530
  [1m[35m (8.4ms)[0m  [1m[34mSELECT sqlite_version(*)[0m
  [1m[35m (0.2ms)[0m  [1m[34mSELECT "schema_migrations"."version" FROM "schema_migrations" ORDER BY "schema_migrations"."version" ASC[0m
Processing by EntriesController#index as HTML
  Rendering entries/index.html.erb within layouts/application
  [1m[36mEntry Load (0.2ms)[0m  [1m[34mSELECT "entries".* FROM "entries"[0m
  ↳ app/views/entries/index.html.erb:12
  Rendered entries/index.html.erb within layouts/application (Duration: 14.5ms | Allocations: 5500)
[Webpacker] Everything's up-to-date. Nothing to do
  Rendered shared/_header.html.erb (Duration: 0.3ms | Allocations: 82)
Completed 200 OK in 172ms (Views: 143.4ms | ActiveRecord: 1.4ms | Allocations: 15691)


Started GET "/" for ::1 at 2020-10-25 23:14:47 +0530
  [1m[35m (3.2ms)[0m  [1m[34mSELECT sqlite_version(*)[0m
  [1m[35m (0.2ms)[0m  [1m[34mSELECT "schema_migrations"."version" FROM "schema_migrations" ORDER BY "schema_migrations"."version" ASC[0m
Processing by EntriesController#index as HTML
  Rendering entries/index.html.erb within layouts/application
  [1m[36mEntry Load (0.2ms)[0m  [1m[34mSELECT "entries".* FROM "entries"[0m
  ↳ app/views/entries/index.html.erb:12
  Rendered entries/index.html.erb within layouts/application (Duration: 11.6ms | Allocations: 5500)
[Webpacker] Everything's up-to-date. Nothing to do
  Rendered shared/_header.html.erb (Duration: 0.3ms | Allocations: 82)
Completed 200 OK in 102ms (Views: 89.1ms | ActiveRecord: 1.1ms | Allocations: 15485)


Started GET "/entries/new" for ::1 at 2020-10-25 23:14:49 +0530
Processing by EntriesController#new as HTML
  Rendering entries/new.html.erb within layouts/application
  Rendered entries/_form.html.erb (Duration: 64.1ms | Allocations: 4225)
  Rendered entries/new.html.erb within layouts/application (Duration: 66.4ms | Allocations: 4569)
[Webpacker] Everything's up-to-date. Nothing to do
  Rendered shared/_header.html.erb (Duration: 0.0ms | Allocations: 5)
Completed 200 OK in 116ms (Views: 114.8ms | ActiveRecord: 0.0ms | Allocations: 9259)


Started GET "/" for ::1 at 2020-10-25 23:20:00 +0530
  
PG::ConnectionBad (could not connect to server: Connection refused (0x0000274D/10061)
	Is the server running on host "localhost" (::1) and accepting
	TCP/IP connections on port 5432?
could not connect to server: Connection refused (0x0000274D/10061)
	Is the server running on host "localhost" (127.0.0.1) and accepting
	TCP/IP connections on port 5432?
):
  
pg-1.2.3-x64 (mingw32) lib/pg.rb:58:in `initialize'
pg-1.2.3-x64 (mingw32) lib/pg.rb:58:in `new'
pg-1.2.3-x64 (mingw32) lib/pg.rb:58:in `connect'
activerecord (6.0.3.4) lib/active_record/connection_adapters/postgresql_adapter.rb:46:in `postgresql_connection'
activerecord (6.0.3.4) lib/active_record/connection_adapters/abstract/connection_pool.rb:887:in `new_connection'
activerecord (6.0.3.4) lib/active_record/connection_adapters/abstract/connection_pool.rb:931:in `checkout_new_connection'
activerecord (6.0.3.4) lib/active_record/connection_adapters/abstract/connection_pool.rb:910:in `try_to_checkout_new_connection'
activerecord (6.0.3.4) lib/active_record/connection_adapters/abstract/connection_pool.rb:871:in `acquire_connection'
activerecord (6.0.3.4) lib/active_record/connection_adapters/abstract/connection_pool.rb:593:in `checkout'
activerecord (6.0.3.4) lib/active_record/connection_adapters/abstract/connection_pool.rb:437:in `connection'
activerecord (6.0.3.4) lib/active_record/connection_adapters/abstract/connection_pool.rb:1119:in `retrieve_connection'
activerecord (6.0.3.4) lib/active_record/connection_handling.rb:221:in `retrieve_connection'
activerecord (6.0.3.4) lib/active_record/connection_handling.rb:189:in `connection'
activerecord (6.0.3.4) lib/active_record/migration.rb:562:in `call'
actionpack (6.0.3.4) lib/action_dispatch/middleware/callbacks.rb:27:in `block in call'
activesupport (6.0.3.4) lib/active_support/callbacks.rb:101:in `run_callbacks'
actionpack (6.0.3.4) lib/action_dispatch/middleware/callbacks.rb:26:in `call'
actionpack (6.0.3.4) lib/action_dispatch/middleware/executor.rb:14:in `call'
actionpack (6.0.3.4) lib/action_dispatch/middleware/actionable_exceptions.rb:18:in `call'
actionpack (6.0.3.4) lib/action_dispatch/middleware/debug_exceptions.rb:32:in `call'
web-console (4.0.4) lib/web_console/middleware.rb:132:in `call_app'
web-console (4.0.4) lib/web_console/middleware.rb:28:in `block in call'
web-console (4.0.4) lib/web_console/middleware.rb:17:in `catch'
web-console (4.0.4) lib/web_console/middleware.rb:17:in `call'
actionpack (6.0.3.4) lib/action_dispatch/middleware/show_exceptions.rb:33:in `call'
railties (6.0.3.4) lib/rails/rack/logger.rb:37:in `call_app'
railties (6.0.3.4) lib/rails/rack/logger.rb:26:in `block in call'
activesupport (6.0.3.4) lib/active_support/tagged_logging.rb:80:in `block in tagged'
activesupport (6.0.3.4) lib/active_support/tagged_logging.rb:28:in `tagged'
activesupport (6.0.3.4) lib/active_support/tagged_logging.rb:80:in `tagged'
railties (6.0.3.4) lib/rails/rack/logger.rb:26:in `call'
sprockets-rails (3.2.2) lib/sprockets/rails/quiet_assets.rb:13:in `call'
actionpack (6.0.3.4) lib/action_dispatch/middleware/remote_ip.rb:81:in `call'
actionpack (6.0.3.4) lib/action_dispatch/middleware/request_id.rb:27:in `call'
rack (2.2.3) lib/rack/method_override.rb:24:in `call'
rack (2.2.3) lib/rack/runtime.rb:22:in `call'
activesupport (6.0.3.4) lib/active_support/cache/strategy/local_cache_middleware.rb:29:in `call'
actionpack (6.0.3.4) lib/action_dispatch/middleware/executor.rb:14:in `call'
actionpack (6.0.3.4) lib/action_dispatch/middleware/static.rb:126:in `call'
rack (2.2.3) lib/rack/sendfile.rb:110:in `call'
actionpack (6.0.3.4) lib/action_dispatch/middleware/host_authorization.rb:82:in `call'
webpacker (4.3.0) lib/webpacker/dev_server_proxy.rb:23:in `perform_request'
rack-proxy (0.6.5) lib/rack/proxy.rb:57:in `call'
railties (6.0.3.4) lib/rails/engine.rb:527:in `call'
puma (4.3.6) lib/puma/configuration.rb:228:in `call'
puma (4.3.6) lib/puma/server.rb:713:in `handle_request'
puma (4.3.6) lib/puma/server.rb:472:in `process_client'
puma (4.3.6) lib/puma/server.rb:328:in `block in run'
puma (4.3.6) lib/puma/thread_pool.rb:134:in `block in spawn_thread'
